<?xml version="1.0" encoding="UTF-8"?>
<!-- Generated by org.testng.reporters.JUnitReportReporter -->
<testsuite hostname="DESKTOP-VC8FMVO" failures="0" tests="1" name="mainJobStatus.MainJobStatusTest" time="71.350" errors="0" timestamp="2023-07-11T17:01:07 IST" skipped="0">
  <testcase classname="mainJobStatus.MainJobStatusTest" name="data" time="71.350"/>
</testsuite> <!-- mainJobStatus.MainJobStatusTest -->
