<?xml version="1.0" encoding="UTF-8"?>
<!-- Generated by org.testng.reporters.JUnitReportReporter -->
<testsuite hostname="DESKTOP-VC8FMVO" failures="0" tests="1" name="mainJobStatus.MainJobStatusTest" time="71.244" errors="0" timestamp="2023-07-17T16:38:16 IST" skipped="0">
  <testcase classname="mainJobStatus.MainJobStatusTest" name="data" time="71.244"/>
</testsuite> <!-- mainJobStatus.MainJobStatusTest -->
